[-179.4788] ********** Robot program starting **********
[-176.2301] NOTICE  robot init
[-176.1801] NOTICE  =================================================
[-175.9742] NOTICE  1970-01-01T00:00:35.152090Z
[-175.9658] NOTICE  Built by: teal  on: July 12, 04:40 PM  (postGP-6-gf6edb5f-dirty)
[-175.9603] NOTICE  =================================================
[-169.2454] NOTICE  Running on machineconfig default constants
[-169.2417] NOTICE  Running WPILibVersion 2020.3.2
[-168.6163] NOTICE  Climber init SUCCEEDED
[-168.5283] NOTICE  Intake init SUCCEEDED
[-168.4032] ERROR   TalonSRX on with ID 14 returned a non-OK error code on sensor configuration... Is the encoder plugged in?
[-168.3434] NOTICE  Indexer init SUCCEEDED
[-167.9361] NOTICE  Launcher init SUCCEEDED
[-167.5885] NOTICE  PanelRotator init SUCCEEDED
[-164.9705] NOTICE  LED init SUCCEEDED
[-164.9622] NOTICE  LED: Initialized!
[-164.5755] NOTICE  Drive init SUCCEEDED
[-164.4826] INFO    Subsystems constructed
[-163.7294] NOTICE  RobotStateEstimator init SUCCEEDED
[-161.9404] INFO    Commands constructed
[-161.7429] Warning at edu.wpi.first.wpilibj.DriverStation.reportJoystickUnpluggedWarning(DriverStation.java:1097): Joystick Button 1 on port 0 not available, check if controller is plugged in
[-159.7649] INFO    @robotInit: Requested Bling.kOff
[-159.7425] DEBUG    LED LED state: kOff
[-159.7325] INFO    CAN bus status: 16/17
[-159.7306] DEBUG    LED Port Listing Start: ============================================
[-159.6618] DEBUG    LED ttyS1|Physical Port S1|Physical Port S1
[-159.6600] 
[-159.6591] DEBUG    LED ttyACM0|USB-Based Serial Port|USB-Based Serial Port
[-159.6564] 
[-159.6551] DEBUG    LED Port Listing End: ==============================================
[-159.6168] DEBUG    LED LED state: kDisabled
[-159.4189] Warning at edu.wpi.first.wpilibj.DriverStation.reportJoystickUnpluggedWarning(DriverStation.java:1097): Joystick Button 1 on port 0 not available, check if controller is plugged in
[-159.2352] Watchdog not fed within 0.020000s
[-159.1623] Warning at edu.wpi.first.wpilibj.IterativeRobotBase.printLoopOverrunMessage(IterativeRobotBase.java:309): Loop time of 0.02s overrun
[-159.1593] 
[-158.7586] 	SmartDashboard.updateValues(): 0.000430s
[-158.7549] 	disabledInit(): 0.012910s
[-158.7514] 	disablePeriodic(): 0.001703s
[-158.7482] 	robotPeriodic(): 0.281626s
[-158.7447] 	LiveWindow.updateValues(): 0.555719s
[-158.7410] 	Shuffleboard.update(): 0.000113s
[-158.5185] Watchdog not fed within 0.020000s
[-158.3956] Warning at edu.wpi.first.wpilibj.DriverStation.reportJoystickUnpluggedWarning(DriverStation.java:1097): Joystick Button 1 on port 0 not available, check if controller is plugged in
[-158.1439] Warning at edu.wpi.first.wpilibj.IterativeRobotBase.printLoopOverrunMessage(IterativeRobotBase.java:309): Loop time of 0.02s overrun
[-158.1417] 
[-157.7432] 	SmartDashboard.updateValues(): 0.000173s
[-157.7312] 	disablePeriodic(): 0.004346s
[-157.7165] 	robotPeriodic(): 0.033809s
[-157.7028] 	LiveWindow.updateValues(): 0.011526s
[-157.6910] 	Shuffleboard.update(): 0.000133s
[-157.5008] Watchdog not fed within 0.020000s
[-157.3730] Warning at edu.wpi.first.wpilibj.DriverStation.reportJoystickUnpluggedWarning(DriverStation.java:1097): Joystick Button 1 on port 0 not available, check if controller is plugged in
[-157.1145] Warning at edu.wpi.first.wpilibj.IterativeRobotBase.printLoopOverrunMessage(IterativeRobotBase.java:309): Loop time of 0.02s overrun
[-157.1129] 
[-156.7159] 	SmartDashboard.updateValues(): 0.000174s
[-156.7133] 	disablePeriodic(): 0.003207s
[-156.7049] 	robotPeriodic(): 0.067745s
[-156.7019] 	LiveWindow.updateValues(): 0.049400s
[-156.6946] 	Shuffleboard.update(): 0.000481s
[-156.4610] Watchdog not fed within 0.020000s
[-156.3507] Warning at edu.wpi.first.wpilibj.DriverStation.reportJoystickUnpluggedWarning(DriverStation.java:1097): Joystick Button 1 on port 0 not available, check if controller is plugged in
[-156.0905] Warning at edu.wpi.first.wpilibj.IterativeRobotBase.printLoopOverrunMessage(IterativeRobotBase.java:309): Loop time of 0.02s overrun
[-156.0876] 
[-155.7261] 	SmartDashboard.updateValues(): 0.000771s
[-155.7206] 	disablePeriodic(): 0.000669s
[-155.7155] 	robotPeriodic(): 0.016387s
[-155.7084] 	LiveWindow.updateValues(): 0.004089s
[-155.7014] 	Shuffleboard.update(): 0.000067s
[-155.4617] Watchdog not fed within 0.020000s
[-155.3420] Warning at edu.wpi.first.wpilibj.DriverStation.reportJoystickUnpluggedWarning(DriverStation.java:1097): Joystick Button 1 on port 0 not available, check if controller is plugged in
[-155.0437] Warning at edu.wpi.first.wpilibj.IterativeRobotBase.printLoopOverrunMessage(IterativeRobotBase.java:309): Loop time of 0.02s overrun
[-155.0411] 
[-154.7112] 	SmartDashboard.updateValues(): 0.000170s
[-154.7009] 	disablePeriodic(): 0.002756s
[-154.6918] 	robotPeriodic(): 0.017134s
[-154.6833] 	LiveWindow.updateValues(): 0.008752s
[-154.6754] 	Shuffleboard.update(): 0.000132s
[-154.4330] Watchdog not fed within 0.020000s
[-154.3285] Warning at edu.wpi.first.wpilibj.DriverStation.reportJoystickUnpluggedWarning(DriverStation.java:1097): Joystick Button 1 on port 0 not available, check if controller is plugged in
[-153.7872] Warning at edu.wpi.first.wpilibj.IterativeRobotBase.printLoopOverrunMessage(IterativeRobotBase.java:309): Loop time of 0.02s overrun
[-153.7870] 
[-153.6828] 	SmartDashboard.updateValues(): 0.000190s
[-153.6738] 	disablePeriodic(): 0.002319s
[-153.6693] 	robotPeriodic(): 0.022353s
[-153.6663] 	LiveWindow.updateValues(): 0.007688s
[-153.6609] 	Shuffleboard.update(): 0.000135s
[-153.4084] Watchdog not fed within 0.020000s
[-153.3233] Warning at edu.wpi.first.wpilibj.DriverStation.reportJoystickUnpluggedWarning(DriverStation.java:1097): Joystick Button 1 on port 0 not available, check if controller is plugged in
[-152.7719] Warning at edu.wpi.first.wpilibj.IterativeRobotBase.printLoopOverrunMessage(IterativeRobotBase.java:309): Loop time of 0.02s overrun
[-152.7692] 
[-152.6706] 	SmartDashboard.updateValues(): 0.000292s
[-152.6647] 	disablePeriodic(): 0.000765s
[-152.6569] 	robotPeriodic(): 0.039015s
[-152.6520] 	LiveWindow.updateValues(): 0.005340s
[-152.6481] 	Shuffleboard.update(): 0.000190s
[-152.3641] Watchdog not fed within 0.020000s
[-152.3204] Warning at edu.wpi.first.wpilibj.DriverStation.reportJoystickUnpluggedWarning(DriverStation.java:1097): Joystick Button 1 on port 0 not available, check if controller is plugged in
[-151.3108] Warning at edu.wpi.first.wpilibj.DriverStation.reportJoystickUnpluggedWarning(DriverStation.java:1097): Joystick Button 1 on port 0 not available, check if controller is plugged in
[-151.3068] Watchdog not fed within 0.020000s
[-151.3055] Warning at edu.wpi.first.wpilibj.IterativeRobotBase.printLoopOverrunMessage(IterativeRobotBase.java:309): Loop time of 0.02s overrun
[-151.3053] 
[-151.2925] 	SmartDashboard.updateValues(): 0.009162s
[-151.2907] 	disablePeriodic(): 0.000236s
[-151.2892] 	robotPeriodic(): 0.018195s
[-151.2807] 	LiveWindow.updateValues(): 0.001837s
[-151.2785] 	Shuffleboard.update(): 0.000058s
[-150.3054] Warning at edu.wpi.first.wpilibj.DriverStation.reportJoystickUnpluggedWarning(DriverStation.java:1097): Joystick Button 1 on port 0 not available, check if controller is plugged in
[-149.2993] Warning at edu.wpi.first.wpilibj.DriverStation.reportJoystickUnpluggedWarning(DriverStation.java:1097): Joystick Button 1 on port 0 not available, check if controller is plugged in
[-149.1015] Watchdog not fed within 0.020000s
[-149.0989] 	SmartDashboard.updateValues(): Warning at edu.wpi.first.wpilibj.IterativeRobotBase.printLoopOverrunMessage(IterativeRobotBase.java:309): Loop time of 0.02s overrun
[-149.0987] 
[-149.0949] 0.000207s
[-149.0897] 	disablePeriodic(): 0.000706s
[-149.0830] 	robotPeriodic(): 0.012480s
[-149.0783] 	LiveWindow.updateValues(): 0.008396s
[-149.0725] 	Shuffleboard.update(): 0.000100s
[-148.2804] Warning at edu.wpi.first.wpilibj.DriverStation.reportJoystickUnpluggedWarning(DriverStation.java:1097): Joystick Button 1 on port 0 not available, check if controller is plugged in
[-147.2802] Warning at edu.wpi.first.wpilibj.DriverStation.reportJoystickUnpluggedWarning(DriverStation.java:1097): Joystick Button 1 on port 0 not available, check if controller is plugged in
[-146.2610] Warning at edu.wpi.first.wpilibj.DriverStation.reportJoystickUnpluggedWarning(DriverStation.java:1097): Joystick Button 1 on port 0 not available, check if controller is plugged in
[-145.2603] Warning at edu.wpi.first.wpilibj.DriverStation.reportJoystickUnpluggedWarning(DriverStation.java:1097): Joystick Button 1 on port 0 not available, check if controller is plugged in
[-144.6253] Watchdog not fed within 0.020000s
[-144.6226] Warning at edu.wpi.first.wpilibj.IterativeRobotBase.printLoopOverrunMessage(IterativeRobotBase.java:309): Loop time of 0.02s overrun
[-144.6223] 
[-144.6177] 	SmartDashboard.updateValues(): 0.000183s
[-144.6129] 	disablePeriodic(): 0.004749s
[-144.6075] 	robotPeriodic(): 0.010133s
[-144.6021] 	LiveWindow.updateValues(): 0.009940s
[-144.5951] 	Shuffleboard.update(): 0.000031s
[-144.2598] Warning at edu.wpi.first.wpilibj.DriverStation.reportJoystickUnpluggedWarning(DriverStation.java:1097): Joystick Button 1 on port 0 not available, check if controller is plugged in
[-143.2403] Warning at edu.wpi.first.wpilibj.DriverStation.reportJoystickUnpluggedWarning(DriverStation.java:1097): Joystick Button 1 on port 0 not available, check if controller is plugged in
[-142.7854] Watchdog not fed within 0.020000s
[-142.7842] Warning at edu.wpi.first.wpilibj.IterativeRobotBase.printLoopOverrunMessage(IterativeRobotBase.java:309): Loop time of 0.02s overrun
[-142.7840] 
[-142.7720] 	SmartDashboard.updateValues(): 0.000099s
[-142.7677] 	disablePeriodic(): 0.000242s
[-142.7620] 	robotPeriodic(): 0.018541s
[-142.7587] 	LiveWindow.updateValues(): 0.011746s
[-142.7572] 	Shuffleboard.update(): 0.000037s
[-142.2128] Warning at edu.wpi.first.wpilibj.DriverStation.reportJoystickUnpluggedWarning(DriverStation.java:1097): Joystick Button 1 on port 0 not available, check if controller is plugged in
[-141.7768] Watchdog not fed within 0.020000s
[-141.7729] Warning at edu.wpi.first.wpilibj.IterativeRobotBase.printLoopOverrunMessage(IterativeRobotBase.java:309): Loop time of 0.02s overrun
[-141.7727] 
[-141.7577] 	SmartDashboard.updateValues(): 0.000093s
[-141.7491] 	disablePeriodic(): 0.000328s
[-141.7412] 	robotPeriodic(): 0.018886s
[-141.7289] 	LiveWindow.updateValues(): 0.019013s
[-141.7216] 	Shuffleboard.update(): 0.000032s
[-141.2133] Warning at edu.wpi.first.wpilibj.DriverStation.reportJoystickUnpluggedWarning(DriverStation.java:1097): Joystick Button 1 on port 0 not available, check if controller is plugged in
[-140.2002] Warning at edu.wpi.first.wpilibj.DriverStation.reportJoystickUnpluggedWarning(DriverStation.java:1097): Joystick Button 1 on port 0 not available, check if controller is plugged in
[-139.1804] Warning at edu.wpi.first.wpilibj.DriverStation.reportJoystickUnpluggedWarning(DriverStation.java:1097): Joystick Button 1 on port 0 not available, check if controller is plugged in
[-138.1612] Warning at edu.wpi.first.wpilibj.DriverStation.reportJoystickUnpluggedWarning(DriverStation.java:1097): Joystick Button 1 on port 0 not available, check if controller is plugged in
[-137.1606] Warning at edu.wpi.first.wpilibj.DriverStation.reportJoystickUnpluggedWarning(DriverStation.java:1097): Joystick Button 1 on port 0 not available, check if controller is plugged in
[-136.1604] Warning at edu.wpi.first.wpilibj.DriverStation.reportJoystickUnpluggedWarning(DriverStation.java:1097): Joystick Button 1 on port 0 not available, check if controller is plugged in
[-135.1408] Warning at edu.wpi.first.wpilibj.DriverStation.reportJoystickUnpluggedWarning(DriverStation.java:1097): Joystick Button 1 on port 0 not available, check if controller is plugged in
[-134.1208] Warning at edu.wpi.first.wpilibj.DriverStation.reportJoystickUnpluggedWarning(DriverStation.java:1097): Joystick Button 1 on port 0 not available, check if controller is plugged in
[-133.1196] Warning at edu.wpi.first.wpilibj.DriverStation.reportJoystickUnpluggedWarning(DriverStation.java:1097): Joystick Button 9 on port 0 not available, check if controller is plugged in
[-132.1008] Warning at edu.wpi.first.wpilibj.DriverStation.reportJoystickUnpluggedWarning(DriverStation.java:1097): Joystick Button 1 on port 0 not available, check if controller is plugged in
[-131.1003] Warning at edu.wpi.first.wpilibj.DriverStation.reportJoystickUnpluggedWarning(DriverStation.java:1097): Joystick Button 1 on port 0 not available, check if controller is plugged in
[-130.0813] Warning at edu.wpi.first.wpilibj.DriverStation.reportJoystickUnpluggedWarning(DriverStation.java:1097): Joystick Button 1 on port 0 not available, check if controller is plugged in
[-129.0808] Warning at edu.wpi.first.wpilibj.DriverStation.reportJoystickUnpluggedWarning(DriverStation.java:1097): Joystick Button 1 on port 0 not available, check if controller is plugged in
[-128.0803] Warning at edu.wpi.first.wpilibj.DriverStation.reportJoystickUnpluggedWarning(DriverStation.java:1097): Joystick Button 1 on port 0 not available, check if controller is plugged in
[-127.0613] Warning at edu.wpi.first.wpilibj.DriverStation.reportJoystickUnpluggedWarning(DriverStation.java:1097): Joystick Button 1 on port 0 not available, check if controller is plugged in
[-126.0607] Warning at edu.wpi.first.wpilibj.DriverStation.reportJoystickUnpluggedWarning(DriverStation.java:1097): Joystick Button 1 on port 0 not available, check if controller is plugged in
[-125.0406] Warning at edu.wpi.first.wpilibj.DriverStation.reportJoystickUnpluggedWarning(DriverStation.java:1097): Joystick Button 1 on port 0 not available, check if controller is plugged in
[-124.0183] Warning at edu.wpi.first.wpilibj.DriverStation.reportJoystickUnpluggedWarning(DriverStation.java:1097): Joystick Button 1 on port 0 not available, check if controller is plugged in
[-124.0061] Watchdog not fed within 0.020000s
[-124.0039] Warning at edu.wpi.first.wpilibj.IterativeRobotBase.printLoopOverrunMessage(IterativeRobotBase.java:309): Loop time of 0.02s overrun
[-124.0037] 
[-123.9999] 	SmartDashboard.updateValues(): 0.000041s
[-123.9917] 	disablePeriodic(): 0.000624s
[-123.9903] 	robotPeriodic(): 0.007562s
[-123.9889] 	LiveWindow.updateValues(): 0.016842s
[-123.9812] 	Shuffleboard.update(): 0.000031s
[-123.0203] Warning at edu.wpi.first.wpilibj.DriverStation.reportJoystickUnpluggedWarning(DriverStation.java:1097): Joystick Button 1 on port 0 not available, check if controller is plugged in
[-122.0007] Warning at edu.wpi.first.wpilibj.DriverStation.reportJoystickUnpluggedWarning(DriverStation.java:1097): Joystick Button 1 on port 0 not available, check if controller is plugged in
[-121.3653] Watchdog not fed within 0.020000s
[-121.3639] Warning at edu.wpi.first.wpilibj.IterativeRobotBase.printLoopOverrunMessage(IterativeRobotBase.java:309): Loop time of 0.02s overrun
[-121.3637] 
[-121.3453] 	SmartDashboard.updateValues(): 0.000385s
[-121.3326] 	disablePeriodic(): 0.000380s
[-121.3201] 	robotPeriodic(): 0.013563s
[-121.3091] 	LiveWindow.updateValues(): 0.012195s
[-121.3014] 	Shuffleboard.update(): 0.000022s
[-120.9809] Warning at edu.wpi.first.wpilibj.DriverStation.reportJoystickUnpluggedWarning(DriverStation.java:1097): Joystick Button 1 on port 0 not available, check if controller is plugged in
[-119.9808] Warning at edu.wpi.first.wpilibj.DriverStation.reportJoystickUnpluggedWarning(DriverStation.java:1097): Joystick Button 1 on port 0 not available, check if controller is plugged in
[-118.9616] Warning at edu.wpi.first.wpilibj.DriverStation.reportJoystickUnpluggedWarning(DriverStation.java:1097): Joystick Button 1 on port 0 not available, check if controller is plugged in
[-117.9413] Warning at edu.wpi.first.wpilibj.DriverStation.reportJoystickUnpluggedWarning(DriverStation.java:1097): Joystick Button 1 on port 0 not available, check if controller is plugged in
[-116.9214] Warning at edu.wpi.first.wpilibj.DriverStation.reportJoystickUnpluggedWarning(DriverStation.java:1097): Joystick Button 1 on port 0 not available, check if controller is plugged in
[-115.9201] Warning at edu.wpi.first.wpilibj.DriverStation.reportJoystickUnpluggedWarning(DriverStation.java:1097): Joystick Button 1 on port 0 not available, check if controller is plugged in
[-114.9177] Warning at edu.wpi.first.wpilibj.DriverStation.reportJoystickUnpluggedWarning(DriverStation.java:1097): Joystick Button 1 on port 0 not available, check if controller is plugged in
[-114.9063] Watchdog not fed within 0.020000s
[-114.9057] Warning at edu.wpi.first.wpilibj.IterativeRobotBase.printLoopOverrunMessage(IterativeRobotBase.java:309): Loop time of 0.02s overrun
[-114.9055] 
[-114.9017] 	SmartDashboard.updateValues(): 0.000020s
[-114.8980] 	disablePeriodic(): 0.000367s
[-114.8958] 	robotPeriodic(): 0.010439s
[-114.8926] 	LiveWindow.updateValues(): 0.012420s
[-114.8906] 	Shuffleboard.update(): 0.000015s
[-113.9011] Warning at edu.wpi.first.wpilibj.DriverStation.reportJoystickUnpluggedWarning(DriverStation.java:1097): Joystick Button 1 on port 0 not available, check if controller is plugged in
[-112.8811] Warning at edu.wpi.first.wpilibj.DriverStation.reportJoystickUnpluggedWarning(DriverStation.java:1097): Joystick Button 1 on port 0 not available, check if controller is plugged in
[-111.8795] Warning at edu.wpi.first.wpilibj.DriverStation.reportJoystickUnpluggedWarning(DriverStation.java:1097): Joystick Button 1 on port 0 not available, check if controller is plugged in
[-110.8611] Warning at edu.wpi.first.wpilibj.DriverStation.reportJoystickUnpluggedWarning(DriverStation.java:1097): Joystick Button 1 on port 0 not available, check if controller is plugged in
[-109.8611] Warning at edu.wpi.first.wpilibj.DriverStation.reportJoystickUnpluggedWarning(DriverStation.java:1097): Joystick Button 1 on port 0 not available, check if controller is plugged in
[-108.8414] Warning at edu.wpi.first.wpilibj.DriverStation.reportJoystickUnpluggedWarning(DriverStation.java:1097): Joystick Button 1 on port 0 not available, check if controller is plugged in
[-107.8404] Warning at edu.wpi.first.wpilibj.DriverStation.reportJoystickUnpluggedWarning(DriverStation.java:1097): Joystick Button 1 on port 0 not available, check if controller is plugged in
[-106.8210] Warning at edu.wpi.first.wpilibj.DriverStation.reportJoystickUnpluggedWarning(DriverStation.java:1097): Joystick Button 1 on port 0 not available, check if controller is plugged in
[-105.8012] Warning at edu.wpi.first.wpilibj.DriverStation.reportJoystickUnpluggedWarning(DriverStation.java:1097): Joystick Button 1 on port 0 not available, check if controller is plugged in
[-104.8004] Warning at edu.wpi.first.wpilibj.DriverStation.reportJoystickUnpluggedWarning(DriverStation.java:1097): Joystick Button 1 on port 0 not available, check if controller is plugged in
[-103.8007] Warning at edu.wpi.first.wpilibj.DriverStation.reportJoystickUnpluggedWarning(DriverStation.java:1097): Joystick Button 2 on port 0 not available, check if controller is plugged in
[-102.7813] Warning at edu.wpi.first.wpilibj.DriverStation.reportJoystickUnpluggedWarning(DriverStation.java:1097): Joystick Button 1 on port 0 not available, check if controller is plugged in
[-101.7612] Warning at edu.wpi.first.wpilibj.DriverStation.reportJoystickUnpluggedWarning(DriverStation.java:1097): Joystick Button 1 on port 0 not available, check if controller is plugged in
[-100.7408] Warning at edu.wpi.first.wpilibj.DriverStation.reportJoystickUnpluggedWarning(DriverStation.java:1097): Joystick Button 1 on port 0 not available, check if controller is plugged in
[-99.7413] Warning at edu.wpi.first.wpilibj.DriverStation.reportJoystickUnpluggedWarning(DriverStation.java:1097): Joystick Button 9 on port 0 not available, check if controller is plugged in
[-98.7214] Warning at edu.wpi.first.wpilibj.DriverStation.reportJoystickUnpluggedWarning(DriverStation.java:1097): Joystick Button 1 on port 0 not available, check if controller is plugged in
[-97.7012] Warning at edu.wpi.first.wpilibj.DriverStation.reportJoystickUnpluggedWarning(DriverStation.java:1097): Joystick Button 1 on port 0 not available, check if controller is plugged in
[-96.6805] Warning at edu.wpi.first.wpilibj.DriverStation.reportJoystickUnpluggedWarning(DriverStation.java:1097): Joystick Button 1 on port 0 not available, check if controller is plugged in
[-95.6603] Warning at edu.wpi.first.wpilibj.DriverStation.reportJoystickUnpluggedWarning(DriverStation.java:1097): Joystick Button 1 on port 0 not available, check if controller is plugged in
[-94.6422] Warning at edu.wpi.first.wpilibj.DriverStation.reportJoystickUnpluggedWarning(DriverStation.java:1097): Joystick Button 1 on port 0 not available, check if controller is plugged in
[-93.6408] Warning at edu.wpi.first.wpilibj.DriverStation.reportJoystickUnpluggedWarning(DriverStation.java:1097): Joystick Button 1 on port 0 not available, check if controller is plugged in
[-92.6214] Warning at edu.wpi.first.wpilibj.DriverStation.reportJoystickUnpluggedWarning(DriverStation.java:1097): Joystick Button 1 on port 0 not available, check if controller is plugged in
[-91.6203] Warning at edu.wpi.first.wpilibj.DriverStation.reportJoystickUnpluggedWarning(DriverStation.java:1097): Joystick Button 1 on port 0 not available, check if controller is plugged in
[-90.6015] Warning at edu.wpi.first.wpilibj.DriverStation.reportJoystickUnpluggedWarning(DriverStation.java:1097): Joystick Button 1 on port 0 not available, check if controller is plugged in
[-90.2669] Watchdog not fed within 0.020000s
[-90.2656] Warning at edu.wpi.first.wpilibj.IterativeRobotBase.printLoopOverrunMessage(IterativeRobotBase.java:309): Loop time of 0.02s overrun
[-90.2654] 
[-90.2506] 	SmartDashboard.updateValues(): 0.000018s
[-90.2389] 	disablePeriodic(): 0.000663s
[-90.2294] 	robotPeriodic(): 0.012520s
[-90.2201] 	LiveWindow.updateValues(): 0.013511s
[-90.2085] 	Shuffleboard.update(): 0.000016s
[-89.5994] Warning at edu.wpi.first.wpilibj.DriverStation.reportJoystickUnpluggedWarning(DriverStation.java:1097): Joystick Button 1 on port 0 not available, check if controller is plugged in
[-89.2265] Watchdog not fed within 0.020000s
[-89.2239] Warning at edu.wpi.first.wpilibj.IterativeRobotBase.printLoopOverrunMessage(IterativeRobotBase.java:309): Loop time of 0.02s overrun
[-89.2236] 
[-89.2170] 	SmartDashboard.updateValues(): 0.000017s
[-89.2123] 	disablePeriodic(): 0.000965s
[-89.2077] 	robotPeriodic(): 0.015789s
[-89.2023] 	LiveWindow.updateValues(): 0.011096s
[-89.1965] 	Shuffleboard.update(): 0.000012s
[-88.5775] Warning at edu.wpi.first.wpilibj.DriverStation.reportJoystickUnpluggedWarning(DriverStation.java:1097): Joystick Button 1 on port 0 not available, check if controller is plugged in
[-87.8458] Watchdog not fed within 0.020000s
[-87.8444] Warning at edu.wpi.first.wpilibj.IterativeRobotBase.printLoopOverrunMessage(IterativeRobotBase.java:309): Loop time of 0.02s overrun
[-87.8442] 
[-87.8345] 	SmartDashboard.updateValues(): 0.000083s
[-87.8288] 	disablePeriodic(): 0.000254s
[-87.8191] 	robotPeriodic(): 0.013840s
[-87.8105] 	LiveWindow.updateValues(): 0.006110s
[-87.8006] 	Shuffleboard.update(): 0.000013s
[-87.5621] Warning at edu.wpi.first.wpilibj.DriverStation.reportJoystickUnpluggedWarning(DriverStation.java:1097): Joystick Button 1 on port 0 not available, check if controller is plugged in
[-86.8330] Watchdog not fed within 0.020000s
[-86.8310] Warning at edu.wpi.first.wpilibj.IterativeRobotBase.printLoopOverrunMessage(IterativeRobotBase.java:309): Loop time of 0.02s overrun
[-86.8308] 
[-86.8209] 	SmartDashboard.updateValues(): 0.000071s
[-86.8117] 	disablePeriodic(): 0.000473s
[-86.8054] 	robotPeriodic(): 0.014486s
[-86.8003] 	LiveWindow.updateValues(): 0.010549s
[-86.7910] 	Shuffleboard.update(): 0.000072s
[-86.5429] Warning at edu.wpi.first.wpilibj.DriverStation.reportJoystickUnpluggedWarning(DriverStation.java:1097): Joystick Button 1 on port 0 not available, check if controller is plugged in
[-85.8169] 	SmartDashboard.updateValues(): 0.000018s
[-85.8111] 	disablePeriodic(): 0.003380s
[-85.8023] 	robotPeriodic(): 0.015516s
[-85.7963] 	LiveWindow.updateValues(): 0.009738s
[-85.7870] 	Shuffleboard.update(): 0.000012s
[-85.7643] Watchdog not fed within 0.020000s
[-85.7626] Warning at edu.wpi.first.wpilibj.IterativeRobotBase.printLoopOverrunMessage(IterativeRobotBase.java:309): Loop time of 0.02s overrun
[-85.7624] 
[-85.5277] Warning at edu.wpi.first.wpilibj.DriverStation.reportJoystickUnpluggedWarning(DriverStation.java:1097): Joystick Button 1 on port 0 not available, check if controller is plugged in
[-84.5235] Warning at edu.wpi.first.wpilibj.DriverStation.reportJoystickUnpluggedWarning(DriverStation.java:1097): Joystick Button 1 on port 0 not available, check if controller is plugged in
[-84.5057] Watchdog not fed within 0.020000s
[-84.5035] Warning at edu.wpi.first.wpilibj.IterativeRobotBase.printLoopOverrunMessage(IterativeRobotBase.java:309): Loop time of 0.02s overrun
[-84.5033] 
[-84.4708] 	SmartDashboard.updateValues(): 0.000110s
[-84.4553] 	disablePeriodic(): 0.000224s
[-84.4428] 	robotPeriodic(): 0.026665s
[-84.4288] 	LiveWindow.updateValues(): 0.018869s
[-84.4127] 	Shuffleboard.update(): 0.000014s
[-83.5193] Warning at edu.wpi.first.wpilibj.DriverStation.reportJoystickUnpluggedWarning(DriverStation.java:1097): Joystick Button 1 on port 0 not available, check if controller is plugged in
[-83.4717] 	SmartDashboard.updateValues(): 0.000020s
[-83.4613] 	disablePeriodic(): 0.004076s
[-83.4520] 	robotPeriodic(): 0.040982s
[-83.4426] 	LiveWindow.updateValues(): 0.012121s
[-83.4322] 	Shuffleboard.update(): 0.000012s
[-83.4106] Watchdog not fed within 0.020000s
[-83.4089] Warning at edu.wpi.first.wpilibj.IterativeRobotBase.printLoopOverrunMessage(IterativeRobotBase.java:309): Loop time of 0.02s overrun
[-83.4087] 
[-82.5201] Warning at edu.wpi.first.wpilibj.DriverStation.reportJoystickUnpluggedWarning(DriverStation.java:1097): Joystick Button 2 on port 0 not available, check if controller is plugged in
[-82.4634] 	SmartDashboard.updateValues(): 0.000020s
[-82.4578] 	disablePeriodic(): 0.000944s
[-82.4532] 	robotPeriodic(): 0.013252s
[-82.4481] 	LiveWindow.updateValues(): 0.015099s
[-82.4456] 	Shuffleboard.update(): 0.000013s
[-82.3898] Watchdog not fed within 0.020000s
[-82.3869] Warning at edu.wpi.first.wpilibj.IterativeRobotBase.printLoopOverrunMessage(IterativeRobotBase.java:309): Loop time of 0.02s overrun
[-82.3833] 
[-81.5026] Warning at edu.wpi.first.wpilibj.DriverStation.reportJoystickUnpluggedWarning(DriverStation.java:1097): Joystick Button 1 on port 0 not available, check if controller is plugged in
[-81.4607] 	SmartDashboard.updateValues(): 0.000018s
[-81.4431] 	disablePeriodic(): 0.001168s
[-81.4310] 	robotPeriodic(): 0.034454s
[-81.4187] 	LiveWindow.updateValues(): 0.015553s
[-81.4042] 	Shuffleboard.update(): 0.000012s
[-81.1323] Watchdog not fed within 0.020000s
[-81.1297] Warning at edu.wpi.first.wpilibj.IterativeRobotBase.printLoopOverrunMessage(IterativeRobotBase.java:309): Loop time of 0.02s overrun
[-81.1293] 
[-80.4891] Warning at edu.wpi.first.wpilibj.DriverStation.reportJoystickUnpluggedWarning(DriverStation.java:1097): Joystick Button 1 on port 0 not available, check if controller is plugged in
[-80.4492] 	SmartDashboard.updateValues(): 0.000019s
[-80.4346] 	disablePeriodic(): 0.001557s
[-80.4223] 	robotPeriodic(): 0.032070s
[-80.4126] 	LiveWindow.updateValues(): 0.012230s
[-80.4008] 	Shuffleboard.update(): 0.000356s
[-80.1122] Watchdog not fed within 0.020000s
[-80.1093] Warning at edu.wpi.first.wpilibj.IterativeRobotBase.printLoopOverrunMessage(IterativeRobotBase.java:309): Loop time of 0.02s overrun
[-80.1091] 
[-79.4641] Warning at edu.wpi.first.wpilibj.DriverStation.reportJoystickUnpluggedWarning(DriverStation.java:1097): Joystick Button 1 on port 0 not available, check if controller is plugged in
[-79.4194] 	SmartDashboard.updateValues(): 0.000020s
[-79.4084] 	disablePeriodic(): 0.003555s
[-79.3952] 	robotPeriodic(): 0.043165s
[-79.3894] 	LiveWindow.updateValues(): 0.010935s
[-79.3811] 	Shuffleboard.update(): 0.000012s
[-79.1003] Watchdog not fed within 0.020000s
[-79.0988] Warning at edu.wpi.first.wpilibj.IterativeRobotBase.printLoopOverrunMessage(IterativeRobotBase.java:309): Loop time of 0.02s overrun
[-79.0972] 
[-78.4524] Warning at edu.wpi.first.wpilibj.DriverStation.reportJoystickUnpluggedWarning(DriverStation.java:1097): Joystick Button 1 on port 0 not available, check if controller is plugged in
[-78.4043] 	SmartDashboard.updateValues(): 0.000018s
[-78.3928] 	disablePeriodic(): 0.001312s
[-78.3778] 	robotPeriodic(): 0.033190s
[-78.3630] 	LiveWindow.updateValues(): 0.016726s
[-78.3568] 	Shuffleboard.update(): 0.000013s
[-78.0588] Watchdog not fed within 0.020000s
[-78.0522] Warning at edu.wpi.first.wpilibj.IterativeRobotBase.printLoopOverrunMessage(IterativeRobotBase.java:309): Loop time of 0.02s overrun
[-78.0519] 
[-77.4461] Warning at edu.wpi.first.wpilibj.DriverStation.reportJoystickUnpluggedWarning(DriverStation.java:1097): Joystick Button 1 on port 0 not available, check if controller is plugged in
[-77.4026] 	SmartDashboard.updateValues(): 0.000021s
[-77.3865] 	disablePeriodic(): 0.000515s
[-77.3739] 	robotPeriodic(): 0.034264s
[-77.3629] 	LiveWindow.updateValues(): 0.015003s
[-77.3474] 	Shuffleboard.update(): 0.000015s
[-76.9244] Watchdog not fed within 0.020000s
[-76.9227] Warning at edu.wpi.first.wpilibj.IterativeRobotBase.printLoopOverrunMessage(IterativeRobotBase.java:309): Loop time of 0.02s overrun
[-76.9224] 
[-76.4333] Warning at edu.wpi.first.wpilibj.DriverStation.reportJoystickUnpluggedWarning(DriverStation.java:1097): Joystick Button 1 on port 0 not available, check if controller is plugged in
[-75.9869] 	SmartDashboard.updateValues(): 0.000019s
[-75.9796] 	disablePeriodic(): 0.001442s
[-75.9737] 	robotPeriodic(): 0.013648s
[-75.9670] 	LiveWindow.updateValues(): 0.006632s
[-75.9616] 	Shuffleboard.update(): 0.000013s
[-75.9124] Watchdog not fed within 0.020000s
[-75.9093] Warning at edu.wpi.first.wpilibj.IterativeRobotBase.printLoopOverrunMessage(IterativeRobotBase.java:309): Loop time of 0.02s overrun
[-75.9091] 
[-75.4227] Warning at edu.wpi.first.wpilibj.DriverStation.reportJoystickUnpluggedWarning(DriverStation.java:1097): Joystick Button 1 on port 0 not available, check if controller is plugged in
[-74.9607] 	SmartDashboard.updateValues(): 0.000679s
[-74.9546] 	disablePeriodic(): 0.000902s
[-74.9494] 	robotPeriodic(): 0.016061s
[-74.9446] 	LiveWindow.updateValues(): 0.006350s
[-74.9398] 	Shuffleboard.update(): 0.000013s
[-74.9008] Watchdog not fed within 0.020000s
[-74.8985] Warning at edu.wpi.first.wpilibj.IterativeRobotBase.printLoopOverrunMessage(IterativeRobotBase.java:309): Loop time of 0.02s overrun
[-74.8946] 
[-74.4097] Warning at edu.wpi.first.wpilibj.DriverStation.reportJoystickUnpluggedWarning(DriverStation.java:1097): Joystick Button 1 on port 0 not available, check if controller is plugged in
[-73.9510] 	SmartDashboard.updateValues(): 0.000077s
[-73.9404] 	disablePeriodic(): 0.002554s
[-73.9315] 	robotPeriodic(): 0.016502s
[-73.9254] 	LiveWindow.updateValues(): 0.009429s
[-73.9168] 	Shuffleboard.update(): 0.000012s
[-73.8950] Watchdog not fed within 0.020000s
[-73.8933] Warning at edu.wpi.first.wpilibj.IterativeRobotBase.printLoopOverrunMessage(IterativeRobotBase.java:309): Loop time of 0.02s overrun
[-73.8931] 
[-73.4016] Warning at edu.wpi.first.wpilibj.DriverStation.reportJoystickUnpluggedWarning(DriverStation.java:1097): Joystick Button 1 on port 0 not available, check if controller is plugged in
[-72.9390] 	SmartDashboard.updateValues(): 0.000017s
[-72.9283] 	disablePeriodic(): 0.000646s
[-72.9213] 	robotPeriodic(): 0.011387s
[-72.9128] 	LiveWindow.updateValues(): 0.013779s
[-72.9074] 	Shuffleboard.update(): 0.000013s
[-72.8851] Watchdog not fed within 0.020000s
[-72.8837] Warning at edu.wpi.first.wpilibj.IterativeRobotBase.printLoopOverrunMessage(IterativeRobotBase.java:309): Loop time of 0.02s overrun
[-72.8834] 
[-72.3944] Warning at edu.wpi.first.wpilibj.DriverStation.reportJoystickUnpluggedWarning(DriverStation.java:1097): Joystick Button 1 on port 0 not available, check if controller is plugged in
[-71.8199] Watchdog not fed within 0.020000s
[-71.8185] Warning at edu.wpi.first.wpilibj.IterativeRobotBase.printLoopOverrunMessage(IterativeRobotBase.java:309): Loop time of 0.02s overrun
[-71.8183] 
[-71.8136] 	SmartDashboard.updateValues(): 0.000017s
[-71.8086] 	disablePeriodic(): 0.000516s
[-71.8022] 	robotPeriodic(): 0.014998s
[-71.7988] 	LiveWindow.updateValues(): 0.008705s
[-71.7929] 	Shuffleboard.update(): 0.000016s
[-71.3718] Warning at edu.wpi.first.wpilibj.DriverStation.reportJoystickUnpluggedWarning(DriverStation.java:1097): Joystick Button 1 on port 0 not available, check if controller is plugged in
[-70.3711] Warning at edu.wpi.first.wpilibj.DriverStation.reportJoystickUnpluggedWarning(DriverStation.java:1097): Joystick Button 1 on port 0 not available, check if controller is plugged in
[-70.3412] Watchdog not fed within 0.020000s
[-70.3404] Warning at edu.wpi.first.wpilibj.IterativeRobotBase.printLoopOverrunMessage(IterativeRobotBase.java:309): Loop time of 0.02s overrun
[-70.3402] 
[-70.3347] 	SmartDashboard.updateValues(): 0.000081s
[-70.3305] 	disablePeriodic(): 0.000402s
[-70.3239] 	robotPeriodic(): 0.013169s
[-70.3197] 	LiveWindow.updateValues(): 0.006692s
[-70.3130] 	Shuffleboard.update(): 0.000012s
[-69.3619] Warning at edu.wpi.first.wpilibj.DriverStation.reportJoystickUnpluggedWarning(DriverStation.java:1097): Joystick Button 1 on port 0 not available, check if controller is plugged in
[-69.3315] Watchdog not fed within 0.020000s
[-69.3310] Warning at edu.wpi.first.wpilibj.IterativeRobotBase.printLoopOverrunMessage(IterativeRobotBase.java:309): Loop time of 0.02s overrun
[-69.3308] 
[-69.3017] 	SmartDashboard.updateValues(): 0.000083s
[-69.2837] 	disablePeriodic(): 0.000353s
[-69.2719] 	robotPeriodic(): 0.014494s
[-69.2572] 	LiveWindow.updateValues(): 0.005656s
[-69.2408] 	Shuffleboard.update(): 0.000013s
[-68.3542] Warning at edu.wpi.first.wpilibj.DriverStation.reportJoystickUnpluggedWarning(DriverStation.java:1097): Joystick Button 1 on port 0 not available, check if controller is plugged in
[-68.3089] 	SmartDashboard.updateValues(): 0.000346s
[-68.2921] 	disablePeriodic(): 0.001676s
[-68.2798] 	robotPeriodic(): 0.032030s
[-68.2700] 	LiveWindow.updateValues(): 0.018338s
[-68.2575] 	Shuffleboard.update(): 0.000012s
[-68.2355] Watchdog not fed within 0.020000s
[-68.2337] Warning at edu.wpi.first.wpilibj.IterativeRobotBase.printLoopOverrunMessage(IterativeRobotBase.java:309): Loop time of 0.02s overrun
[-68.2335] 
[-67.3342] Warning at edu.wpi.first.wpilibj.DriverStation.reportJoystickUnpluggedWarning(DriverStation.java:1097): Joystick Button 1 on port 0 not available, check if controller is plugged in
[-67.2762] 	SmartDashboard.updateValues(): 0.001139s
[-67.2709] 	disablePeriodic(): 0.000206s
[-67.2692] 	robotPeriodic(): 0.050453s
[-67.2652] 	LiveWindow.updateValues(): 0.012815s
[-67.2614] 	Shuffleboard.update(): 0.000012s
[-67.1742] Watchdog not fed within 0.020000s
[-67.1737] Warning at edu.wpi.first.wpilibj.IterativeRobotBase.printLoopOverrunMessage(IterativeRobotBase.java:309): Loop time of 0.02s overrun
[-67.1735] 
[-66.3305] Warning at edu.wpi.first.wpilibj.DriverStation.reportJoystickUnpluggedWarning(DriverStation.java:1097): Joystick Button 1 on port 0 not available, check if controller is plugged in
[-66.2783] 	SmartDashboard.updateValues(): 0.000020s
[-66.2678] 	disablePeriodic(): 0.000206s
[-66.2589] 	robotPeriodic(): 0.020542s
[-66.2509] 	LiveWindow.updateValues(): 0.042291s
[-66.2401] 	Shuffleboard.update(): 0.000012s
[-66.1651] Watchdog not fed within 0.020000s
[-66.1632] Warning at edu.wpi.first.wpilibj.IterativeRobotBase.printLoopOverrunMessage(IterativeRobotBase.java:309): Loop time of 0.02s overrun
[-66.1630] 
[-65.3110] Warning at edu.wpi.first.wpilibj.DriverStation.reportJoystickUnpluggedWarning(DriverStation.java:1097): Joystick Button 1 on port 0 not available, check if controller is plugged in
[-65.2614] 	SmartDashboard.updateValues(): 0.000018s
[-65.2519] 	disablePeriodic(): 0.000550s
[-65.2464] 	robotPeriodic(): 0.016134s
[-65.2407] 	LiveWindow.updateValues(): 0.011064s
[-65.2314] 	Shuffleboard.update(): 0.000012s
[-65.1577] Watchdog not fed within 0.020000s
[-65.1535] Warning at edu.wpi.first.wpilibj.IterativeRobotBase.printLoopOverrunMessage(IterativeRobotBase.java:309): Loop time of 0.02s overrun
[-65.1504] 
[-64.2927] Warning at edu.wpi.first.wpilibj.DriverStation.reportJoystickUnpluggedWarning(DriverStation.java:1097): Joystick Button 1 on port 0 not available, check if controller is plugged in
[-64.2396] 	SmartDashboard.updateValues(): 0.000101s
[-64.2332] 	disablePeriodic(): 0.000717s
[-64.2281] 	robotPeriodic(): 0.015532s
[-64.2220] 	LiveWindow.updateValues(): 0.012911s
[-64.2132] 	Shuffleboard.update(): 0.000013s
[-64.1450] Watchdog not fed within 0.020000s
[-64.1413] Warning at edu.wpi.first.wpilibj.IterativeRobotBase.printLoopOverrunMessage(IterativeRobotBase.java:309): Loop time of 0.02s overrun
[-64.1379] 
[-63.2872] Warning at edu.wpi.first.wpilibj.DriverStation.reportJoystickUnpluggedWarning(DriverStation.java:1097): Joystick Button 1 on port 0 not available, check if controller is plugged in
[-63.2253] 	SmartDashboard.updateValues(): 0.000018s
[-63.2194] 	disablePeriodic(): 0.000836s
[-63.2135] 	robotPeriodic(): 0.024919s
[-63.2084] 	LiveWindow.updateValues(): 0.006112s
[-63.2014] 	Shuffleboard.update(): 0.000012s
[-62.4552] Watchdog not fed within 0.020000s
[-62.4535] Warning at edu.wpi.first.wpilibj.IterativeRobotBase.printLoopOverrunMessage(IterativeRobotBase.java:309): Loop time of 0.02s overrun
[-62.4512] 
[-62.2828] Warning at edu.wpi.first.wpilibj.DriverStation.reportJoystickUnpluggedWarning(DriverStation.java:1097): Joystick Button 1 on port 0 not available, check if controller is plugged in
[-61.6913] 	SmartDashboard.updateValues(): 0.000131s
[-61.6846] 	disablePeriodic(): 0.001251s
[-61.6799] 	robotPeriodic(): 0.017659s
[-61.6726] 	LiveWindow.updateValues(): 0.005394s
[-61.6673] 	Shuffleboard.update(): 0.000012s
[-61.4286] Watchdog not fed within 0.020000s
[-61.4273] Warning at edu.wpi.first.wpilibj.IterativeRobotBase.printLoopOverrunMessage(IterativeRobotBase.java:309): Loop time of 0.02s overrun
[-61.4259] 
[-61.2810] Warning at edu.wpi.first.wpilibj.DriverStation.reportJoystickUnpluggedWarning(DriverStation.java:1097): Joystick Button 1 on port 0 not available, check if controller is plugged in
[-60.6719] 	SmartDashboard.updateValues(): 0.000020s
[-60.6578] 	disablePeriodic(): 0.001583s
[-60.6476] 	robotPeriodic(): 0.025354s
[-60.6378] 	LiveWindow.updateValues(): 0.011773s
[-60.6249] 	Shuffleboard.update(): 0.000013s
[-60.3977] Watchdog not fed within 0.020000s
[-60.3948] Warning at edu.wpi.first.wpilibj.IterativeRobotBase.printLoopOverrunMessage(IterativeRobotBase.java:309): Loop time of 0.02s overrun
[-60.3919] 
[-60.2785] Warning at edu.wpi.first.wpilibj.DriverStation.reportJoystickUnpluggedWarning(DriverStation.java:1097): Joystick Button 1 on port 0 not available, check if controller is plugged in
[-59.6463] 	SmartDashboard.updateValues(): 0.000017s
[-59.6277] 	disablePeriodic(): 0.003887s
[-59.6125] 	robotPeriodic(): 0.020664s
[-59.5930] 	LiveWindow.updateValues(): 0.018935s
[-59.5737] 	Shuffleboard.update(): 0.000014s
[-59.3567] Watchdog not fed within 0.020000s
[-59.3561] Warning at edu.wpi.first.wpilibj.IterativeRobotBase.printLoopOverrunMessage(IterativeRobotBase.java:309): Loop time of 0.02s overrun
[-59.3537] 
[-59.2577] Warning at edu.wpi.first.wpilibj.DriverStation.reportJoystickUnpluggedWarning(DriverStation.java:1097): Joystick Button 1 on port 0 not available, check if controller is plugged in
[-47.6728] ********** Robot program starting **********
[-45.6153] NOTICE  robot init
[-45.5280] NOTICE  =================================================
[-45.2125] NOTICE  1970-01-01T00:02:45.835839Z
[-45.2032] NOTICE  Built by: teal  on: July 20, 02:19 PM  (postGP-6-gf6edb5f-dirty)
[-45.1940] NOTICE  =================================================
[-44.9006] NOTICE  Running on machineconfig default constants
[-44.8957] NOTICE  Running WPILibVersion 2020.3.2
[-44.4449] NOTICE  Climber init SUCCEEDED
[-44.3986] NOTICE  Intake init SUCCEEDED
[-44.3000] NOTICE  Indexer init SUCCEEDED
[-44.0233] NOTICE  Launcher init SUCCEEDED
[-43.7448] NOTICE  PanelRotator init SUCCEEDED
[-41.8745] NOTICE  LED init SUCCEEDED
[-41.8699] NOTICE  LED: Initialized!
[-41.6837] NOTICE  Drive init SUCCEEDED
[-40.3724] Warning at edu.wpi.first.wpilibj.DriverStation.reportJoystickUnpluggedWarning(DriverStation.java:1097): Joystick Button 1 on port 0 not available, check if controller is plugged in
[-40.0586] INFO    @robotInit: Requested Bling.kOff
[-40.0405] DEBUG    LED LED state: kOff
[-40.0374] INFO    CAN bus status: OK
[-40.0365] DEBUG    LED Port Listing Start: ============================================
[-40.0086] DEBUG    LED ttyS1|Physical Port S1|Physical Port S1
[-40.0076] 
[-40.0065] DEBUG    LED ttyACM0|USB-Based Serial Port|USB-Based Serial Port
[-40.0059] 
[-40.0051] DEBUG    LED Port Listing End: ==============================================
[-39.9783] DEBUG    LED LED state: kDisabled
[-39.8333] Watchdog not fed within 0.020000s
[-39.8145] Warning at edu.wpi.first.wpilibj.IterativeRobotBase.printLoopOverrunMessage(IterativeRobotBase.java:309): Loop time of 0.02s overrun
[-39.8111] 
[-39.7597] 	SmartDashboard.updateValues(): 0.001146s
[-39.7579] 	disabledInit(): 0.009157s
[-39.7560] 	disablePeriodic(): 0.001957s
[-39.7539] 	robotPeriodic(): 0.047253s
[-39.7522] 	LiveWindow.updateValues(): 0.159783s
[-39.7500] 	Shuffleboard.update(): 0.000101s
[-39.3996] Warning at edu.wpi.first.wpilibj.DriverStation.reportJoystickUnpluggedWarning(DriverStation.java:1097): Joystick Button 11 on port 0 not available, check if controller is plugged in
[-38.9370] Watchdog not fed within 0.020000s
[-38.7668] Warning at edu.wpi.first.wpilibj.IterativeRobotBase.printLoopOverrunMessage(IterativeRobotBase.java:309): Loop time of 0.02s overrun
[-38.7659] 
[-38.7286] 	SmartDashboard.updateValues(): 0.000569s
[-38.7270] 	disablePeriodic(): 0.002462s
[-38.7219] 	robotPeriodic(): 0.031146s
[-38.7203] 	LiveWindow.updateValues(): 0.017397s
[-38.7185] 	Shuffleboard.update(): 0.000757s
[-38.3902] Warning at edu.wpi.first.wpilibj.DriverStation.reportJoystickUnpluggedWarning(DriverStation.java:1097): Joystick Button 11 on port 0 not available, check if controller is plugged in
[-37.3789] Warning at edu.wpi.first.wpilibj.DriverStation.reportJoystickUnpluggedWarning(DriverStation.java:1097): Joystick Button 11 on port 0 not available, check if controller is plugged in
[-36.6651] DEBUG    LED LED state: kTeleop
[-36.6480] INFO    ClimberCommands$Stop initialized
[-36.6467] INFO    IntakeCommands$Stop initialized
[-36.6464] INFO    SpartronicsSubsystem$SpartronicsMissingDefaultCommand initialized
[-36.6461] INFO    LauncherCommands$ShootBallTest initialized
[-36.6456] INFO    PanelRotatorCommands$Stop initialized
[-36.6434] Watchdog not fed within 0.020000s
[-36.6429] Warning at edu.wpi.first.wpilibj.IterativeRobotBase.printLoopOverrunMessage(IterativeRobotBase.java:309): Loop time of 0.02s overrun
[-36.6427] 
[-36.6418] INFO    SpartronicsSubsystem$SpartronicsMissingDefaultCommand initialized
[-36.6409] INFO    DriveCommands$TeleOpCommand initialized
[-36.6351] 	teleopPeriodic(): 0.001931s
[-36.6314] 	SmartDashboard.updateValues(): 0.000100s
[-36.6278] 	robotPeriodic(): 0.022625s
[-36.6252] 	LiveWindow.updateValues(): 0.002290s
[-36.6224] 	Shuffleboard.update(): 0.000167s
[-36.6195] 	teleopInit(): 0.001370s
[-36.3778] Warning at edu.wpi.first.wpilibj.DriverStation.reportJoystickUnpluggedWarning(DriverStation.java:1097): Joystick Button 11 on port 0 not available, check if controller is plugged in
[-35.3595] Warning at edu.wpi.first.wpilibj.DriverStation.reportJoystickUnpluggedWarning(DriverStation.java:1097): Joystick Button 11 on port 0 not available, check if controller is plugged in
[-34.3397] Warning at edu.wpi.first.wpilibj.DriverStation.reportJoystickUnpluggedWarning(DriverStation.java:1097): Joystick Button 11 on port 0 not available, check if controller is plugged in
[-33.3386] Warning at edu.wpi.first.wpilibj.DriverStation.reportJoystickUnpluggedWarning(DriverStation.java:1097): Joystick Button 11 on port 0 not available, check if controller is plugged in
[-32.3361] Warning at edu.wpi.first.wpilibj.DriverStation.reportJoystickUnpluggedWarning(DriverStation.java:1097): Joystick Button 11 on port 0 not available, check if controller is plugged in
[-32.3241] Watchdog not fed within 0.020000s
[-32.3223] Warning at edu.wpi.first.wpilibj.IterativeRobotBase.printLoopOverrunMessage(IterativeRobotBase.java:309): Loop time of 0.02s overrun
[-32.3221] 
[-32.2894] 	teleopPeriodic(): 0.000262s
[-32.2740] 	SmartDashboard.updateValues(): 0.000942s
[-32.2591] 	robotPeriodic(): 0.021928s
[-32.2445] 	LiveWindow.updateValues(): 0.016688s
[-32.2275] 	Shuffleboard.update(): 0.000518s
[-31.3188] Warning at edu.wpi.first.wpilibj.DriverStation.reportJoystickUnpluggedWarning(DriverStation.java:1097): Joystick Button 11 on port 0 not available, check if controller is plugged in
[-30.2999] Warning at edu.wpi.first.wpilibj.DriverStation.reportJoystickUnpluggedWarning(DriverStation.java:1097): Joystick Button 11 on port 0 not available, check if controller is plugged in
[-29.2989] Warning at edu.wpi.first.wpilibj.DriverStation.reportJoystickUnpluggedWarning(DriverStation.java:1097): Joystick Button 11 on port 0 not available, check if controller is plugged in
[-28.2803] Warning at edu.wpi.first.wpilibj.DriverStation.reportJoystickUnpluggedWarning(DriverStation.java:1097): Joystick Button 11 on port 0 not available, check if controller is plugged in
[-27.2796] Warning at edu.wpi.first.wpilibj.DriverStation.reportJoystickUnpluggedWarning(DriverStation.java:1097): Joystick Button 11 on port 0 not available, check if controller is plugged in
[-26.2794] Warning at edu.wpi.first.wpilibj.DriverStation.reportJoystickUnpluggedWarning(DriverStation.java:1097): Joystick Button 11 on port 0 not available, check if controller is plugged in
[-25.2604] Warning at edu.wpi.first.wpilibj.DriverStation.reportJoystickUnpluggedWarning(DriverStation.java:1097): Joystick Button 11 on port 0 not available, check if controller is plugged in
[-24.4442] Watchdog not fed within 0.020000s
[-24.4398] 	teleopPeriodic(): 0.007445s
[-24.4382] 	SmartDashboard.updateValues(): 0.000057s
[-24.4368] 	robotPeriodic(): 0.016214s
[-24.4343] 	LiveWindow.updateValues(): Warning at edu.wpi.first.wpilibj.IterativeRobotBase.printLoopOverrunMessage(IterativeRobotBase.java:309): Loop time of 0.02s overrun
[-24.4337] 
[-24.4250] 0.001447s
[-24.4231] 	Shuffleboard.update(): 0.000026s
[-24.2590] Warning at edu.wpi.first.wpilibj.DriverStation.reportJoystickUnpluggedWarning(DriverStation.java:1097): Joystick Button 11 on port 0 not available, check if controller is plugged in
[-23.2396] Warning at edu.wpi.first.wpilibj.DriverStation.reportJoystickUnpluggedWarning(DriverStation.java:1097): Joystick Button 11 on port 0 not available, check if controller is plugged in
[-22.2188] Warning at edu.wpi.first.wpilibj.DriverStation.reportJoystickUnpluggedWarning(DriverStation.java:1097): Joystick Button 11 on port 0 not available, check if controller is plugged in
[-21.2003] Warning at edu.wpi.first.wpilibj.DriverStation.reportJoystickUnpluggedWarning(DriverStation.java:1097): Joystick Button 11 on port 0 not available, check if controller is plugged in
[-20.1991] Warning at edu.wpi.first.wpilibj.DriverStation.reportJoystickUnpluggedWarning(DriverStation.java:1097): Joystick Button 11 on port 0 not available, check if controller is plugged in
[-19.1802] Warning at edu.wpi.first.wpilibj.DriverStation.reportJoystickUnpluggedWarning(DriverStation.java:1097): Joystick Button 11 on port 0 not available, check if controller is plugged in
[-18.1600] Warning at edu.wpi.first.wpilibj.DriverStation.reportJoystickUnpluggedWarning(DriverStation.java:1097): Joystick Button 11 on port 0 not available, check if controller is plugged in
[-17.1586] Warning at edu.wpi.first.wpilibj.DriverStation.reportJoystickUnpluggedWarning(DriverStation.java:1097): Joystick Button 11 on port 0 not available, check if controller is plugged in
[-16.1402] Warning at edu.wpi.first.wpilibj.DriverStation.reportJoystickUnpluggedWarning(DriverStation.java:1097): Joystick Button 11 on port 0 not available, check if controller is plugged in
[-15.1387] Warning at edu.wpi.first.wpilibj.DriverStation.reportJoystickUnpluggedWarning(DriverStation.java:1097): Joystick Button 11 on port 0 not available, check if controller is plugged in
[-14.1200] Warning at edu.wpi.first.wpilibj.DriverStation.reportJoystickUnpluggedWarning(DriverStation.java:1097): Joystick Button 11 on port 0 not available, check if controller is plugged in
[-13.1003] Warning at edu.wpi.first.wpilibj.DriverStation.reportJoystickUnpluggedWarning(DriverStation.java:1097): Joystick Button 11 on port 0 not available, check if controller is plugged in
[-12.0996] Warning at edu.wpi.first.wpilibj.DriverStation.reportJoystickUnpluggedWarning(DriverStation.java:1097): Joystick Button 11 on port 0 not available, check if controller is plugged in
[-11.0800] Warning at edu.wpi.first.wpilibj.DriverStation.reportJoystickUnpluggedWarning(DriverStation.java:1097): Joystick Button 11 on port 0 not available, check if controller is plugged in
[-10.0785] Warning at edu.wpi.first.wpilibj.DriverStation.reportJoystickUnpluggedWarning(DriverStation.java:1097): Joystick Button 11 on port 0 not available, check if controller is plugged in
[-9.0785] Warning at edu.wpi.first.wpilibj.DriverStation.reportJoystickUnpluggedWarning(DriverStation.java:1097): Joystick Button 11 on port 0 not available, check if controller is plugged in
[-8.0602] Warning at edu.wpi.first.wpilibj.DriverStation.reportJoystickUnpluggedWarning(DriverStation.java:1097): Joystick Button 11 on port 0 not available, check if controller is plugged in
[-7.0599] Warning at edu.wpi.first.wpilibj.DriverStation.reportJoystickUnpluggedWarning(DriverStation.java:1097): Joystick Button 11 on port 0 not available, check if controller is plugged in
[-6.0403] Warning at edu.wpi.first.wpilibj.DriverStation.reportJoystickUnpluggedWarning(DriverStation.java:1097): Joystick Button 11 on port 0 not available, check if controller is plugged in
[-5.0401] Warning at edu.wpi.first.wpilibj.DriverStation.reportJoystickUnpluggedWarning(DriverStation.java:1097): Joystick Button 11 on port 0 not available, check if controller is plugged in
[-4.0400] Warning at edu.wpi.first.wpilibj.DriverStation.reportJoystickUnpluggedWarning(DriverStation.java:1097): Joystick Button 11 on port 0 not available, check if controller is plugged in
[-3.0200] Warning at edu.wpi.first.wpilibj.DriverStation.reportJoystickUnpluggedWarning(DriverStation.java:1097): Joystick Button 11 on port 0 not available, check if controller is plugged in
[-2.0197] Warning at edu.wpi.first.wpilibj.DriverStation.reportJoystickUnpluggedWarning(DriverStation.java:1097): Joystick Button 11 on port 0 not available, check if controller is plugged in
[-1.0654] DEBUG    LED LED state: kDisabled
[-1.0561] INFO    ClimberCommands$Stop interrupted
[-1.0536] INFO    IntakeCommands$Stop interrupted
[-1.0520] INFO    SpartronicsSubsystem$SpartronicsMissingDefaultCommand interrupted
[-1.0499] INFO    LauncherCommands$ShootBallTest interrupted
[-1.0494] INFO    PanelRotatorCommands$Stop interrupted
[-1.0468] INFO    SpartronicsSubsystem$SpartronicsMissingDefaultCommand interrupted
[-1.0444] INFO    DriveCommands$TeleOpCommand interrupted
[-1.0416] Watchdog not fed within 0.020000s
[-1.0410] Warning at edu.wpi.first.wpilibj.IterativeRobotBase.printLoopOverrunMessage(IterativeRobotBase.java:309): Loop time of 0.02s overrun
[-1.0408] 
[-1.0356] 	SmartDashboard.updateValues(): 0.000040s
[-1.0313] 	disabledInit(): 0.001199s
[-1.0294] 	disablePeriodic(): 0.000268s
[-1.0260] 	robotPeriodic(): 0.020999s
[-1.0242] 	LiveWindow.updateValues(): 0.001405s
[-1.0227] 	Shuffleboard.update(): 0.000023s
[-1.0108] Warning at edu.wpi.first.wpilibj.DriverStation.reportJoystickUnpluggedWarning(DriverStation.java:1097): Joystick Button 11 on port 0 not available, check if controller is plugged in
[0.0007] Warning at edu.wpi.first.wpilibj.DriverStation.reportJoystickUnpluggedWarning(DriverStation.java:1097): Joystick Button 11 on port 0 not available, check if controller is plugged in
[1.0202] Warning at edu.wpi.first.wpilibj.DriverStation.reportJoystickUnpluggedWarning(DriverStation.java:1097): Joystick Button 11 on port 0 not available, check if controller is plugged in
[3.0400] Warning at edu.wpi.first.wpilibj.DriverStation.reportJoystickUnpluggedWarning(DriverStation.java:1097): Joystick Button 11 on port 0 not available, check if controller is plugged in
[4.0595] Warning at edu.wpi.first.wpilibj.DriverStation.reportJoystickUnpluggedWarning(DriverStation.java:1097): Joystick Button 11 on port 0 not available, check if controller is plugged in
[5.0797] Warning at edu.wpi.first.wpilibj.DriverStation.reportJoystickUnpluggedWarning(DriverStation.java:1097): Joystick Button 11 on port 0 not available, check if controller is plugged in
[6.1002] Warning at edu.wpi.first.wpilibj.DriverStation.reportJoystickUnpluggedWarning(DriverStation.java:1097): Joystick Button 11 on port 0 not available, check if controller is plugged in
[7.1196] Warning at edu.wpi.first.wpilibj.DriverStation.reportJoystickUnpluggedWarning(DriverStation.java:1097): Joystick Button 11 on port 0 not available, check if controller is plugged in
[8.1196] Warning at edu.wpi.first.wpilibj.DriverStation.reportJoystickUnpluggedWarning(DriverStation.java:1097): Joystick Button 11 on port 0 not available, check if controller is plugged in
[9.1394] Warning at edu.wpi.first.wpilibj.DriverStation.reportJoystickUnpluggedWarning(DriverStation.java:1097): Joystick Button 11 on port 0 not available, check if controller is plugged in
[10.1595] Warning at edu.wpi.first.wpilibj.DriverStation.reportJoystickUnpluggedWarning(DriverStation.java:1097): Joystick Button 11 on port 0 not available, check if controller is plugged in
[11.1594] Warning at edu.wpi.first.wpilibj.DriverStation.reportJoystickUnpluggedWarning(DriverStation.java:1097): Joystick Button 11 on port 0 not available, check if controller is plugged in
[12.1598] Warning at edu.wpi.first.wpilibj.DriverStation.reportJoystickUnpluggedWarning(DriverStation.java:1097): Joystick Button 11 on port 0 not available, check if controller is plugged in
[13.1798] Warning at edu.wpi.first.wpilibj.DriverStation.reportJoystickUnpluggedWarning(DriverStation.java:1097): Joystick Button 11 on port 0 not available, check if controller is plugged in
[14.1996] Warning at edu.wpi.first.wpilibj.DriverStation.reportJoystickUnpluggedWarning(DriverStation.java:1097): Joystick Button 11 on port 0 not available, check if controller is plugged in
[15.2199] Warning at edu.wpi.first.wpilibj.DriverStation.reportJoystickUnpluggedWarning(DriverStation.java:1097): Joystick Button 11 on port 0 not available, check if controller is plugged in
[16.2395] Warning at edu.wpi.first.wpilibj.DriverStation.reportJoystickUnpluggedWarning(DriverStation.java:1097): Joystick Button 11 on port 0 not available, check if controller is plugged in
[17.2401] Warning at edu.wpi.first.wpilibj.DriverStation.reportJoystickUnpluggedWarning(DriverStation.java:1097): Joystick Button 11 on port 0 not available, check if controller is plugged in
[18.2597] Warning at edu.wpi.first.wpilibj.DriverStation.reportJoystickUnpluggedWarning(DriverStation.java:1097): Joystick Button 11 on port 0 not available, check if controller is plugged in
[19.2794] Warning at edu.wpi.first.wpilibj.DriverStation.reportJoystickUnpluggedWarning(DriverStation.java:1097): Joystick Button 11 on port 0 not available, check if controller is plugged in
[20.2793] Warning at edu.wpi.first.wpilibj.DriverStation.reportJoystickUnpluggedWarning(DriverStation.java:1097): Joystick Button 11 on port 0 not available, check if controller is plugged in
[21.2798] Warning at edu.wpi.first.wpilibj.DriverStation.reportJoystickUnpluggedWarning(DriverStation.java:1097): Joystick Button 11 on port 0 not available, check if controller is plugged in
[22.3001] Warning at edu.wpi.first.wpilibj.DriverStation.reportJoystickUnpluggedWarning(DriverStation.java:1097): Joystick Button 11 on port 0 not available, check if controller is plugged in
[23.3198] Warning at edu.wpi.first.wpilibj.DriverStation.reportJoystickUnpluggedWarning(DriverStation.java:1097): Joystick Button 11 on port 0 not available, check if controller is plugged in
[24.3410] Warning at edu.wpi.first.wpilibj.DriverStation.reportJoystickUnpluggedWarning(DriverStation.java:1097): Joystick Button 11 on port 0 not available, check if controller is plugged in
[25.3595] Warning at edu.wpi.first.wpilibj.DriverStation.reportJoystickUnpluggedWarning(DriverStation.java:1097): Joystick Button 11 on port 0 not available, check if controller is plugged in
[26.3802] Warning at edu.wpi.first.wpilibj.DriverStation.reportJoystickUnpluggedWarning(DriverStation.java:1097): Joystick Button 11 on port 0 not available, check if controller is plugged in
[27.3995] Warning at edu.wpi.first.wpilibj.DriverStation.reportJoystickUnpluggedWarning(DriverStation.java:1097): Joystick Button 11 on port 0 not available, check if controller is plugged in
[28.4199] Warning at edu.wpi.first.wpilibj.DriverStation.reportJoystickUnpluggedWarning(DriverStation.java:1097): Joystick Button 11 on port 0 not available, check if controller is plugged in
[29.4393] Warning at edu.wpi.first.wpilibj.DriverStation.reportJoystickUnpluggedWarning(DriverStation.java:1097): Joystick Button 11 on port 0 not available, check if controller is plugged in
[30.4599] Warning at edu.wpi.first.wpilibj.DriverStation.reportJoystickUnpluggedWarning(DriverStation.java:1097): Joystick Button 11 on port 0 not available, check if controller is plugged in
[31.4608] Warning at edu.wpi.first.wpilibj.DriverStation.reportJoystickUnpluggedWarning(DriverStation.java:1097): Joystick Button 11 on port 0 not available, check if controller is plugged in
[32.4796] Warning at edu.wpi.first.wpilibj.DriverStation.reportJoystickUnpluggedWarning(DriverStation.java:1097): Joystick Button 11 on port 0 not available, check if controller is plugged in
[33.4799] Warning at edu.wpi.first.wpilibj.DriverStation.reportJoystickUnpluggedWarning(DriverStation.java:1097): Joystick Button 11 on port 0 not available, check if controller is plugged in
[34.4996] Warning at edu.wpi.first.wpilibj.DriverStation.reportJoystickUnpluggedWarning(DriverStation.java:1097): Joystick Button 11 on port 0 not available, check if controller is plugged in
[35.5004] Warning at edu.wpi.first.wpilibj.DriverStation.reportJoystickUnpluggedWarning(DriverStation.java:1097): Joystick Button 11 on port 0 not available, check if controller is plugged in
[36.3150] DEBUG    LED LED state: kTeleop
[36.3227] INFO    ClimberCommands$Stop initialized
[36.3232] INFO    IntakeCommands$Stop initialized
[36.3255] INFO    SpartronicsSubsystem$SpartronicsMissingDefaultCommand initialized
[36.3259] INFO    LauncherCommands$ShootBallTest initialized
[36.3280] INFO    PanelRotatorCommands$Stop initialized
[36.3291] INFO    SpartronicsSubsystem$SpartronicsMissingDefaultCommand initialized
[36.3300] INFO    DriveCommands$TeleOpCommand initialized
[36.5199] Warning at edu.wpi.first.wpilibj.DriverStation.reportJoystickUnpluggedWarning(DriverStation.java:1097): Joystick Button 11 on port 0 not available, check if controller is plugged in
[37.5204] Warning at edu.wpi.first.wpilibj.DriverStation.reportJoystickUnpluggedWarning(DriverStation.java:1097): Joystick Button 11 on port 0 not available, check if controller is plugged in
[38.5393] Warning at edu.wpi.first.wpilibj.DriverStation.reportJoystickUnpluggedWarning(DriverStation.java:1097): Joystick Button 11 on port 0 not available, check if controller is plugged in
[39.5396] Warning at edu.wpi.first.wpilibj.DriverStation.reportJoystickUnpluggedWarning(DriverStation.java:1097): Joystick Button 11 on port 0 not available, check if controller is plugged in
[40.5599] Warning at edu.wpi.first.wpilibj.DriverStation.reportJoystickUnpluggedWarning(DriverStation.java:1097): Joystick Button 11 on port 0 not available, check if controller is plugged in
[41.5797] Warning at edu.wpi.first.wpilibj.DriverStation.reportJoystickUnpluggedWarning(DriverStation.java:1097): Joystick Button 11 on port 0 not available, check if controller is plugged in
[42.6003] Warning at edu.wpi.first.wpilibj.DriverStation.reportJoystickUnpluggedWarning(DriverStation.java:1097): Joystick Button 11 on port 0 not available, check if controller is plugged in
[44.6001] Warning at edu.wpi.first.wpilibj.DriverStation.reportJoystickUnpluggedWarning(DriverStation.java:1097): Joystick Button 11 on port 0 not available, check if controller is plugged in
[45.6199] Warning at edu.wpi.first.wpilibj.DriverStation.reportJoystickUnpluggedWarning(DriverStation.java:1097): Joystick Button 11 on port 0 not available, check if controller is plugged in
[46.6394] Warning at edu.wpi.first.wpilibj.DriverStation.reportJoystickUnpluggedWarning(DriverStation.java:1097): Joystick Button 11 on port 0 not available, check if controller is plugged in
[47.6400] Warning at edu.wpi.first.wpilibj.DriverStation.reportJoystickUnpluggedWarning(DriverStation.java:1097): Joystick Button 11 on port 0 not available, check if controller is plugged in
[48.6401] Warning at edu.wpi.first.wpilibj.DriverStation.reportJoystickUnpluggedWarning(DriverStation.java:1097): Joystick Button 11 on port 0 not available, check if controller is plugged in
[49.6423] Warning at edu.wpi.first.wpilibj.DriverStation.reportJoystickUnpluggedWarning(DriverStation.java:1097): Joystick Button 11 on port 0 not available, check if controller is plugged in
[50.6592] Warning at edu.wpi.first.wpilibj.DriverStation.reportJoystickUnpluggedWarning(DriverStation.java:1097): Joystick Button 11 on port 0 not available, check if controller is plugged in
[51.6604] Warning at edu.wpi.first.wpilibj.DriverStation.reportJoystickUnpluggedWarning(DriverStation.java:1097): Joystick Button 11 on port 0 not available, check if controller is plugged in
[52.6797] Warning at edu.wpi.first.wpilibj.DriverStation.reportJoystickUnpluggedWarning(DriverStation.java:1097): Joystick Button 11 on port 0 not available, check if controller is plugged in
[53.6803] Warning at edu.wpi.first.wpilibj.DriverStation.reportJoystickUnpluggedWarning(DriverStation.java:1097): Joystick Button 11 on port 0 not available, check if controller is plugged in
[54.6998] Warning at edu.wpi.first.wpilibj.DriverStation.reportJoystickUnpluggedWarning(DriverStation.java:1097): Joystick Button 11 on port 0 not available, check if controller is plugged in
[55.7029] Warning at edu.wpi.first.wpilibj.DriverStation.reportJoystickUnpluggedWarning(DriverStation.java:1097): Joystick Button 11 on port 0 not available, check if controller is plugged in
[56.7197] Warning at edu.wpi.first.wpilibj.DriverStation.reportJoystickUnpluggedWarning(DriverStation.java:1097): Joystick Button 11 on port 0 not available, check if controller is plugged in
[57.7198] Warning at edu.wpi.first.wpilibj.DriverStation.reportJoystickUnpluggedWarning(DriverStation.java:1097): Joystick Button 11 on port 0 not available, check if controller is plugged in
[58.7395] Warning at edu.wpi.first.wpilibj.DriverStation.reportJoystickUnpluggedWarning(DriverStation.java:1097): Joystick Button 11 on port 0 not available, check if controller is plugged in
[59.7399] Warning at edu.wpi.first.wpilibj.DriverStation.reportJoystickUnpluggedWarning(DriverStation.java:1097): Joystick Button 11 on port 0 not available, check if controller is plugged in
[60.7598] Warning at edu.wpi.first.wpilibj.DriverStation.reportJoystickUnpluggedWarning(DriverStation.java:1097): Joystick Button 11 on port 0 not available, check if controller is plugged in
[61.7795] Warning at edu.wpi.first.wpilibj.DriverStation.reportJoystickUnpluggedWarning(DriverStation.java:1097): Joystick Button 11 on port 0 not available, check if controller is plugged in
[62.7800] Warning at edu.wpi.first.wpilibj.DriverStation.reportJoystickUnpluggedWarning(DriverStation.java:1097): Joystick Button 11 on port 0 not available, check if controller is plugged in
[63.7996] Warning at edu.wpi.first.wpilibj.DriverStation.reportJoystickUnpluggedWarning(DriverStation.java:1097): Joystick Button 11 on port 0 not available, check if controller is plugged in
[64.7996] Warning at edu.wpi.first.wpilibj.DriverStation.reportJoystickUnpluggedWarning(DriverStation.java:1097): Joystick Button 11 on port 0 not available, check if controller is plugged in
[65.8002] Warning at edu.wpi.first.wpilibj.DriverStation.reportJoystickUnpluggedWarning(DriverStation.java:1097): Joystick Button 11 on port 0 not available, check if controller is plugged in
[67.7999] Warning at edu.wpi.first.wpilibj.DriverStation.reportJoystickUnpluggedWarning(DriverStation.java:1097): Joystick Button 11 on port 0 not available, check if controller is plugged in
[68.8196] Warning at edu.wpi.first.wpilibj.DriverStation.reportJoystickUnpluggedWarning(DriverStation.java:1097): Joystick Button 11 on port 0 not available, check if controller is plugged in
[69.8197] Warning at edu.wpi.first.wpilibj.DriverStation.reportJoystickUnpluggedWarning(DriverStation.java:1097): Joystick Button 11 on port 0 not available, check if controller is plugged in
[70.8399] Warning at edu.wpi.first.wpilibj.DriverStation.reportJoystickUnpluggedWarning(DriverStation.java:1097): Joystick Button 11 on port 0 not available, check if controller is plugged in
[71.8597] Warning at edu.wpi.first.wpilibj.DriverStation.reportJoystickUnpluggedWarning(DriverStation.java:1097): Joystick Button 11 on port 0 not available, check if controller is plugged in
[72.8795] Warning at edu.wpi.first.wpilibj.DriverStation.reportJoystickUnpluggedWarning(DriverStation.java:1097): Joystick Button 11 on port 0 not available, check if controller is plugged in
[74.8802] Warning at edu.wpi.first.wpilibj.DriverStation.reportJoystickUnpluggedWarning(DriverStation.java:1097): Joystick Button 11 on port 0 not available, check if controller is plugged in
[75.8994] Warning at edu.wpi.first.wpilibj.DriverStation.reportJoystickUnpluggedWarning(DriverStation.java:1097): Joystick Button 11 on port 0 not available, check if controller is plugged in
[76.8998] Warning at edu.wpi.first.wpilibj.DriverStation.reportJoystickUnpluggedWarning(DriverStation.java:1097): Joystick Button 11 on port 0 not available, check if controller is plugged in
[77.9195] Warning at edu.wpi.first.wpilibj.DriverStation.reportJoystickUnpluggedWarning(DriverStation.java:1097): Joystick Button 11 on port 0 not available, check if controller is plugged in
[78.9197] Warning at edu.wpi.first.wpilibj.DriverStation.reportJoystickUnpluggedWarning(DriverStation.java:1097): Joystick Button 11 on port 0 not available, check if controller is plugged in
[79.9214] Warning at edu.wpi.first.wpilibj.DriverStation.reportJoystickUnpluggedWarning(DriverStation.java:1097): Joystick Button 11 on port 0 not available, check if controller is plugged in
[80.9396] Warning at edu.wpi.first.wpilibj.DriverStation.reportJoystickUnpluggedWarning(DriverStation.java:1097): Joystick Button 11 on port 0 not available, check if controller is plugged in
[81.9404] Warning at edu.wpi.first.wpilibj.DriverStation.reportJoystickUnpluggedWarning(DriverStation.java:1097): Joystick Button 11 on port 0 not available, check if controller is plugged in
[82.9611] Warning at edu.wpi.first.wpilibj.DriverStation.reportJoystickUnpluggedWarning(DriverStation.java:1097): Joystick Button 11 on port 0 not available, check if controller is plugged in
[83.9595] Warning at edu.wpi.first.wpilibj.DriverStation.reportJoystickUnpluggedWarning(DriverStation.java:1097): Joystick Button 11 on port 0 not available, check if controller is plugged in
[84.9602] Warning at edu.wpi.first.wpilibj.DriverStation.reportJoystickUnpluggedWarning(DriverStation.java:1097): Joystick Button 11 on port 0 not available, check if controller is plugged in
[85.9795] Warning at edu.wpi.first.wpilibj.DriverStation.reportJoystickUnpluggedWarning(DriverStation.java:1097): Joystick Button 11 on port 0 not available, check if controller is plugged in
[86.9800] Warning at edu.wpi.first.wpilibj.DriverStation.reportJoystickUnpluggedWarning(DriverStation.java:1097): Joystick Button 11 on port 0 not available, check if controller is plugged in
[88.0002] Warning at edu.wpi.first.wpilibj.DriverStation.reportJoystickUnpluggedWarning(DriverStation.java:1097): Joystick Button 11 on port 0 not available, check if controller is plugged in
[89.0005] Warning at edu.wpi.first.wpilibj.DriverStation.reportJoystickUnpluggedWarning(DriverStation.java:1097): Joystick Button 11 on port 0 not available, check if controller is plugged in
[90.0198] Warning at edu.wpi.first.wpilibj.DriverStation.reportJoystickUnpluggedWarning(DriverStation.java:1097): Joystick Button 11 on port 0 not available, check if controller is plugged in
[91.0398] Warning at edu.wpi.first.wpilibj.DriverStation.reportJoystickUnpluggedWarning(DriverStation.java:1097): Joystick Button 11 on port 0 not available, check if controller is plugged in
[92.0601] Warning at edu.wpi.first.wpilibj.DriverStation.reportJoystickUnpluggedWarning(DriverStation.java:1097): Joystick Button 11 on port 0 not available, check if controller is plugged in
[93.0799] Warning at edu.wpi.first.wpilibj.DriverStation.reportJoystickUnpluggedWarning(DriverStation.java:1097): Joystick Button 11 on port 0 not available, check if controller is plugged in
[93.3150] DEBUG    LED LED state: kDisabled
[93.3217] INFO    ClimberCommands$Stop interrupted
[93.3232] INFO    IntakeCommands$Stop interrupted
[93.3236] INFO    SpartronicsSubsystem$SpartronicsMissingDefaultCommand interrupted
[93.3241] INFO    LauncherCommands$ShootBallTest interrupted
[93.3250] INFO    PanelRotatorCommands$Stop interrupted
[93.3259] INFO    SpartronicsSubsystem$SpartronicsMissingDefaultCommand interrupted
[93.3268] INFO    DriveCommands$TeleOpCommand interrupted
